[2022-06-01 12:47:54,444] {taskinstance.py:670} INFO - Dependencies all met for <TaskInstance: example_python_operator.print_the_context 2022-06-01T15:45:01.433642+00:00 [queued]>
[2022-06-01 12:47:54,454] {taskinstance.py:670} INFO - Dependencies all met for <TaskInstance: example_python_operator.print_the_context 2022-06-01T15:45:01.433642+00:00 [queued]>
[2022-06-01 12:47:54,454] {taskinstance.py:880} INFO - 
--------------------------------------------------------------------------------
[2022-06-01 12:47:54,455] {taskinstance.py:881} INFO - Starting attempt 2 of 2
[2022-06-01 12:47:54,455] {taskinstance.py:882} INFO - 
--------------------------------------------------------------------------------
[2022-06-01 12:47:54,464] {taskinstance.py:901} INFO - Executing <Task(PythonOperator): print_the_context> on 2022-06-01T15:45:01.433642+00:00
[2022-06-01 12:47:54,467] {standard_task_runner.py:54} INFO - Started process 343138 to run task
[2022-06-01 12:47:54,490] {standard_task_runner.py:77} INFO - Running: ['airflow', 'run', 'example_python_operator', 'print_the_context', '2022-06-01T15:45:01.433642+00:00', '--job_id', '8', '--pool', 'default_pool', '--raw', '-sd', '/home/flavia/Documentos/datapipeline/.env/lib/python3.8/site-packages/airflow/example_dags/example_python_operator.py', '--cfg_path', '/tmp/tmpko9ih_q7']
[2022-06-01 12:47:54,491] {standard_task_runner.py:78} INFO - Job 8: Subtask print_the_context
[2022-06-01 12:47:54,508] {logging_mixin.py:112} INFO - Running %s on host %s <TaskInstance: example_python_operator.print_the_context 2022-06-01T15:45:01.433642+00:00 [running]> lnb025663spo.ciandt.global
[2022-06-01 12:47:54,526] {logging_mixin.py:112} INFO - {'END_DATE': '2022-06-01',
 'conf': <airflow.configuration.AirflowConfigParser object at 0x7f7cf9c90850>,
 'dag': <DAG: example_python_operator>,
 'dag_run': <DagRun example_python_operator @ 2022-06-01 15:45:01.433642+00:00: manual__2022-06-01T15:45:01.433642+00:00, externally triggered: True>,
 'ds_nodash': '20220601',
 'end_date': '2022-06-01',
 'execution_date': <Pendulum [2022-06-01T15:45:01.433642+00:00]>,
 'inlets': [],
 'latest_date': '2022-06-01',
 'macros': <module 'airflow.macros' from '/home/flavia/Documentos/datapipeline/.env/lib/python3.8/site-packages/airflow/macros/__init__.py'>,
 'next_ds': '2022-06-01',
 'next_ds_nodash': '20220601',
 'next_execution_date': <Pendulum [2022-06-01T15:45:01.433642+00:00]>,
 'outlets': [],
 'params': {},
 'prev_ds': '2022-06-01',
 'prev_ds_nodash': '20220601',
 'prev_execution_date': <Pendulum [2022-06-01T15:45:01.433642+00:00]>,
 'prev_execution_date_success': <Proxy at 0x7f7cf519c4c0 with factory <function TaskInstance.get_template_context.<locals>.<lambda> at 0x7f7cf51a1430>>,
 'prev_start_date_success': <Proxy at 0x7f7cf519c580 with factory <function TaskInstance.get_template_context.<locals>.<lambda> at 0x7f7cf51a5310>>,
 'run_id': 'manual__2022-06-01T15:45:01.433642+00:00',
 'tables': None,
 'task': <Task(PythonOperator): print_the_context>,
 'task_instance': <TaskInstance: example_python_operator.print_the_context 2022-06-01T15:45:01.433642+00:00 [running]>,
 'task_instance_key_str': 'example_python_operator__print_the_context__20220601',
 'templates_dict': None,
 'test_mode': False,
 'ti': <TaskInstance: example_python_operator.print_the_context 2022-06-01T15:45:01.433642+00:00 [running]>,
 'tomorrow_ds': '2022-06-02',
 'tomorrow_ds_nodash': '20220602',
 'ts': '2022-06-01T15:45:01.433642+00:00',
 'ts_nodash': '20220601T154501',
 'ts_nodash_with_tz': '20220601T154501.433642+0000',
 'var': {'json': None, 'value': None},
 'yesterday_ds': '2022-05-31',
 'yesterday_ds_nodash': '20220531'}
[2022-06-01 12:47:54,526] {logging_mixin.py:112} INFO - 2022-06-01
[2022-06-01 12:47:54,526] {python_operator.py:114} INFO - Done. Returned value was: Whatever you return gets printed in the logs
[2022-06-01 12:47:54,536] {taskinstance.py:1057} INFO - Marking task as SUCCESS.dag_id=example_python_operator, task_id=print_the_context, execution_date=20220601T154501, start_date=20220601T154754, end_date=20220601T154754
[2022-06-01 12:47:59,453] {local_task_job.py:102} INFO - Task exited with return code 0
